<?xml version="1.0" encoding="UTF-8"?>
<testsuite xmlns:xsi="http://www.w3.org/2001/XMLSchema-instance" xsi:noNamespaceSchemaLocation="https://maven.apache.org/surefire/maven-surefire-plugin/xsd/surefire-test-report-3.0.xsd" version="3.0" name="fon.ai.maventransportappserver.so.impl.SaveDriveOperationTest" time="0.045" tests="3" errors="0" skipped="0" failures="0">
  <properties>
    <property name="java.specification.version" value="17"/>
    <property name="sun.cpu.isalist" value="amd64"/>
    <property name="sun.jnu.encoding" value="Cp1252"/>
    <property name="java.class.path" value="C:\Users\brati\git\NaprednoProgramiranjeProjekat\MavenTransportAppServer\target\test-classes;C:\Users\brati\git\NaprednoProgramiranjeProjekat\MavenTransportAppServer\target\classes;C:\Users\brati\.m2\repository\mysql\mysql-connector-java\8.0.19\mysql-connector-java-8.0.19.jar;C:\Users\brati\.m2\repository\com\google\protobuf\protobuf-java\3.6.1\protobuf-java-3.6.1.jar;C:\Users\brati\.m2\repository\fon\ai\MavenTransportAppCommon\1.0-SNAPSHOT\MavenTransportAppCommon-1.0-SNAPSHOT.jar;C:\Users\brati\.m2\repository\com\google\code\gson\gson\2.8.6\gson-2.8.6.jar;C:\Users\brati\.m2\repository\junit\junit\4.12\junit-4.12.jar;C:\Users\brati\.m2\repository\org\hamcrest\hamcrest-core\1.3\hamcrest-core-1.3.jar;"/>
    <property name="java.vm.vendor" value="Eclipse Adoptium"/>
    <property name="sun.arch.data.model" value="64"/>
    <property name="user.variant" value=""/>
    <property name="java.vendor.url" value="https://adoptium.net/"/>
    <property name="user.timezone" value="Europe/Belgrade"/>
    <property name="os.name" value="Windows 11"/>
    <property name="java.vm.specification.version" value="17"/>
    <property name="sun.java.launcher" value="SUN_STANDARD"/>
    <property name="user.country" value="US"/>
    <property name="sun.boot.library.path" value="C:\Users\brati\.p2\pool\plugins\org.eclipse.justj.openjdk.hotspot.jre.full.win32.x86_64_17.0.9.v20231028-0858\jre\bin"/>
    <property name="sun.java.command" value="C:\Users\brati\AppData\Local\Temp\surefire7613776465496842249\surefirebooter-20231216145750480_3.jar C:\Users\brati\AppData\Local\Temp\surefire7613776465496842249 2023-12-16T14-57-50_375-jvmRun1 surefire-20231216145750480_1tmp surefire_0-20231216145750480_2tmp"/>
    <property name="jdk.debug" value="release"/>
    <property name="surefire.test.class.path" value="C:\Users\brati\git\NaprednoProgramiranjeProjekat\MavenTransportAppServer\target\test-classes;C:\Users\brati\git\NaprednoProgramiranjeProjekat\MavenTransportAppServer\target\classes;C:\Users\brati\.m2\repository\mysql\mysql-connector-java\8.0.19\mysql-connector-java-8.0.19.jar;C:\Users\brati\.m2\repository\com\google\protobuf\protobuf-java\3.6.1\protobuf-java-3.6.1.jar;C:\Users\brati\.m2\repository\fon\ai\MavenTransportAppCommon\1.0-SNAPSHOT\MavenTransportAppCommon-1.0-SNAPSHOT.jar;C:\Users\brati\.m2\repository\com\google\code\gson\gson\2.8.6\gson-2.8.6.jar;C:\Users\brati\.m2\repository\junit\junit\4.12\junit-4.12.jar;C:\Users\brati\.m2\repository\org\hamcrest\hamcrest-core\1.3\hamcrest-core-1.3.jar;"/>
    <property name="sun.cpu.endian" value="little"/>
    <property name="user.home" value="C:\Users\brati"/>
    <property name="user.language" value="en"/>
    <property name="java.specification.vendor" value="Oracle Corporation"/>
    <property name="java.version.date" value="2023-10-17"/>
    <property name="java.home" value="C:\Users\brati\.p2\pool\plugins\org.eclipse.justj.openjdk.hotspot.jre.full.win32.x86_64_17.0.9.v20231028-0858\jre"/>
    <property name="file.separator" value="\"/>
    <property name="style.color" value="always"/>
    <property name="basedir" value="C:\Users\brati\git\NaprednoProgramiranjeProjekat\MavenTransportAppServer"/>
    <property name="java.vm.compressedOopsMode" value="Zero based"/>
    <property name="line.separator" value="&#10;"/>
    <property name="java.vm.specification.vendor" value="Oracle Corporation"/>
    <property name="java.specification.name" value="Java Platform API Specification"/>
    <property name="surefire.real.class.path" value="C:\Users\brati\AppData\Local\Temp\surefire7613776465496842249\surefirebooter-20231216145750480_3.jar"/>
    <property name="user.script" value=""/>
    <property name="sun.management.compiler" value="HotSpot 64-Bit Tiered Compilers"/>
    <property name="java.runtime.version" value="17.0.9+9"/>
    <property name="user.name" value="brati"/>
    <property name="path.separator" value=";"/>
    <property name="os.version" value="10.0"/>
    <property name="java.runtime.name" value="OpenJDK Runtime Environment"/>
    <property name="file.encoding" value="Cp1252"/>
    <property name="java.vm.name" value="OpenJDK 64-Bit Server VM"/>
    <property name="java.vendor.version" value="Temurin-17.0.9+9"/>
    <property name="localRepository" value="C:\Users\brati\.m2\repository"/>
    <property name="java.vendor.url.bug" value="https://github.com/adoptium/adoptium-support/issues"/>
    <property name="java.io.tmpdir" value="C:\Users\brati\AppData\Local\Temp\"/>
    <property name="java.version" value="17.0.9"/>
    <property name="user.dir" value="C:\Users\brati\git\NaprednoProgramiranjeProjekat\MavenTransportAppServer"/>
    <property name="os.arch" value="amd64"/>
    <property name="java.vm.specification.name" value="Java Virtual Machine Specification"/>
    <property name="sun.os.patch.level" value=""/>
    <property name="native.encoding" value="Cp1252"/>
    <property name="java.library.path" value="C:\Users\brati\.p2\pool\plugins\org.eclipse.justj.openjdk.hotspot.jre.full.win32.x86_64_17.0.9.v20231028-0858\jre\bin;C:\Windows\Sun\Java\bin;C:\Windows\system32;C:\Windows;C:/Users/brati/.p2/pool/plugins/org.eclipse.justj.openjdk.hotspot.jre.full.win32.x86_64_17.0.9.v20231028-0858/jre/bin/server;C:/Users/brati/.p2/pool/plugins/org.eclipse.justj.openjdk.hotspot.jre.full.win32.x86_64_17.0.9.v20231028-0858/jre/bin;C:\Windows\system32;C:\Windows;C:\Windows\System32\Wbem;C:\Windows\System32\WindowsPowerShell\v1.0\;C:\Windows\System32\OpenSSH\;C:\Program Files\Git\cmd;C:\Users\brati\Downloads\apache-maven-3.9.5-bin\apache-maven-3.9.5\bin;C:\Users\brati\.jdks\openjdk-21.0.1\bin;C:\Users\brati\AppData\Local\Microsoft\WindowsApps;;C:\Program Files\JetBrains\IntelliJ IDEA 2023.2.5\bin;;C:\Windows\System32;;."/>
    <property name="java.vm.info" value="mixed mode"/>
    <property name="java.vendor" value="Eclipse Adoptium"/>
    <property name="java.vm.version" value="17.0.9+9"/>
    <property name="sun.io.unicode.encoding" value="UnicodeLittle"/>
    <property name="java.class.version" value="61.0"/>
  </properties>
  <testcase name="testExecute" classname="fon.ai.maventransportappserver.so.impl.SaveDriveOperationTest" time="0.029">
    <system-out><![CDATA[execute
insert into drive(id, date, factureprice, truck, trailer, driver) values('1050', '2023-12-16', '500.0','RA013CD','AA447RA', '12345678')
Uspesno sam sacuvao u bazi
insert into costlist(id, total, drive) values('1050', '1200.0', '1050')
Uspesno sam sacuvao u bazi
insert into costitem(costList, costtype, amount) values('1050', 'driverSallary', '300.0')
Uspesno sam sacuvao u bazi
insert into costitem(costList, costtype, amount) values('1050', 'fuel', '300.0')
Uspesno sam sacuvao u bazi
insert into costitem(costList, costtype, amount) values('1050', 'toll', '300.0')
Uspesno sam sacuvao u bazi
insert into costitem(costList, costtype, amount) values('1050', 'other', '300.0')
Uspesno sam sacuvao u bazi
SELECT d.id, d.date, d.factureprice, d.truck, d.trailer, d.driver, t.loadcapacity AS "dozvoljena tezina", tr.productyear AS "godina kamiona",
 tr.weight, t.productyear AS "godina prikolice", t.weight as "tezina prikolice", dr.idcard
  FROM drive d JOIN vehicle tr ON d.truck = tr.registrationmark JOIN vehicle t ON t.registrationmark = d.trailer JOIN driver dr ON d.driver = dr.idcard  where id = '1050'
localhost3306transportapprootrootjdbc:mysql://localhost:3306/transportapp
Successfully connected to database!
Uspostavljena je konekcija sa bazom
delete from costitem where costlist = '1050' AND costType = 'driversallary'
Uspostavljena je konekcija sa bazom
delete from costitem where costlist = '1050' AND costType = 'fuel'
Uspostavljena je konekcija sa bazom
delete from costitem where costlist = '1050' AND costType = 'toll'
Uspostavljena je konekcija sa bazom
delete from costitem where costlist = '1050' AND costType = 'other'
Uspostavljena je konekcija sa bazom
delete from costlist where id=1050
Uspostavljena je konekcija sa bazom
delete from drive where id=1050
COMMIT
]]></system-out>
  </testcase>
  <testcase name="testValidate" classname="fon.ai.maventransportappserver.so.impl.SaveDriveOperationTest" time="0.008">
    <system-out><![CDATA[validate
localhost3306transportapprootrootjdbc:mysql://localhost:3306/transportapp
Successfully connected to database!
Uspostavljena je konekcija sa bazom
delete from costitem where costlist = '1050' AND costType = 'driversallary'
Uspostavljena je konekcija sa bazom
delete from costitem where costlist = '1050' AND costType = 'fuel'
Uspostavljena je konekcija sa bazom
delete from costitem where costlist = '1050' AND costType = 'toll'
Uspostavljena je konekcija sa bazom
delete from costitem where costlist = '1050' AND costType = 'other'
Uspostavljena je konekcija sa bazom
delete from costlist where id=1050
Uspostavljena je konekcija sa bazom
delete from drive where id=1050
COMMIT
]]></system-out>
  </testcase>
  <testcase name="testValidate1" classname="fon.ai.maventransportappserver.so.impl.SaveDriveOperationTest" time="0.007">
    <system-out><![CDATA[validate1
localhost3306transportapprootrootjdbc:mysql://localhost:3306/transportapp
Successfully connected to database!
Uspostavljena je konekcija sa bazom
delete from costitem where costlist = '1050' AND costType = 'driversallary'
Uspostavljena je konekcija sa bazom
delete from costitem where costlist = '1050' AND costType = 'fuel'
Uspostavljena je konekcija sa bazom
delete from costitem where costlist = '1050' AND costType = 'toll'
Uspostavljena je konekcija sa bazom
delete from costitem where costlist = '1050' AND costType = 'other'
Uspostavljena je konekcija sa bazom
delete from costlist where id=1050
Uspostavljena je konekcija sa bazom
delete from drive where id=1050
COMMIT
]]></system-out>
  </testcase>
</testsuite>