<?xml version="1.0" encoding="UTF-8"?>
<testsuite xmlns:xsi="http://www.w3.org/2001/XMLSchema-instance" xsi:noNamespaceSchemaLocation="https://maven.apache.org/surefire/maven-surefire-plugin/xsd/surefire-test-report-3.0.xsd" version="3.0" name="fon.ai.maventransportappserver.so.impl.TakeDriveByIDOperationTest" time="0.034" tests="4" errors="1" skipped="0" failures="0">
  <properties>
    <property name="java.specification.version" value="17"/>
    <property name="sun.cpu.isalist" value="amd64"/>
    <property name="sun.jnu.encoding" value="Cp1252"/>
    <property name="java.class.path" value="C:\Users\brati\git\NaprednoProgramiranjeProjekat\MavenTransportAppServer\target\test-classes;C:\Users\brati\git\NaprednoProgramiranjeProjekat\MavenTransportAppServer\target\classes;C:\Users\brati\.m2\repository\mysql\mysql-connector-java\8.0.19\mysql-connector-java-8.0.19.jar;C:\Users\brati\.m2\repository\com\google\protobuf\protobuf-java\3.6.1\protobuf-java-3.6.1.jar;C:\Users\brati\.m2\repository\fon\ai\MavenTransportAppCommon\1.0-SNAPSHOT\MavenTransportAppCommon-1.0-SNAPSHOT.jar;C:\Users\brati\.m2\repository\com\google\code\gson\gson\2.8.6\gson-2.8.6.jar;C:\Users\brati\.m2\repository\junit\junit\4.12\junit-4.12.jar;C:\Users\brati\.m2\repository\org\hamcrest\hamcrest-core\1.3\hamcrest-core-1.3.jar;"/>
    <property name="java.vm.vendor" value="Eclipse Adoptium"/>
    <property name="sun.arch.data.model" value="64"/>
    <property name="user.variant" value=""/>
    <property name="java.vendor.url" value="https://adoptium.net/"/>
    <property name="user.timezone" value="Europe/Belgrade"/>
    <property name="os.name" value="Windows 11"/>
    <property name="java.vm.specification.version" value="17"/>
    <property name="sun.java.launcher" value="SUN_STANDARD"/>
    <property name="user.country" value="US"/>
    <property name="sun.boot.library.path" value="C:\Users\brati\.p2\pool\plugins\org.eclipse.justj.openjdk.hotspot.jre.full.win32.x86_64_17.0.9.v20231028-0858\jre\bin"/>
    <property name="sun.java.command" value="C:\Users\brati\AppData\Local\Temp\surefire7613776465496842249\surefirebooter-20231216145750480_3.jar C:\Users\brati\AppData\Local\Temp\surefire7613776465496842249 2023-12-16T14-57-50_375-jvmRun1 surefire-20231216145750480_1tmp surefire_0-20231216145750480_2tmp"/>
    <property name="jdk.debug" value="release"/>
    <property name="surefire.test.class.path" value="C:\Users\brati\git\NaprednoProgramiranjeProjekat\MavenTransportAppServer\target\test-classes;C:\Users\brati\git\NaprednoProgramiranjeProjekat\MavenTransportAppServer\target\classes;C:\Users\brati\.m2\repository\mysql\mysql-connector-java\8.0.19\mysql-connector-java-8.0.19.jar;C:\Users\brati\.m2\repository\com\google\protobuf\protobuf-java\3.6.1\protobuf-java-3.6.1.jar;C:\Users\brati\.m2\repository\fon\ai\MavenTransportAppCommon\1.0-SNAPSHOT\MavenTransportAppCommon-1.0-SNAPSHOT.jar;C:\Users\brati\.m2\repository\com\google\code\gson\gson\2.8.6\gson-2.8.6.jar;C:\Users\brati\.m2\repository\junit\junit\4.12\junit-4.12.jar;C:\Users\brati\.m2\repository\org\hamcrest\hamcrest-core\1.3\hamcrest-core-1.3.jar;"/>
    <property name="sun.cpu.endian" value="little"/>
    <property name="user.home" value="C:\Users\brati"/>
    <property name="user.language" value="en"/>
    <property name="java.specification.vendor" value="Oracle Corporation"/>
    <property name="java.version.date" value="2023-10-17"/>
    <property name="java.home" value="C:\Users\brati\.p2\pool\plugins\org.eclipse.justj.openjdk.hotspot.jre.full.win32.x86_64_17.0.9.v20231028-0858\jre"/>
    <property name="file.separator" value="\"/>
    <property name="style.color" value="always"/>
    <property name="basedir" value="C:\Users\brati\git\NaprednoProgramiranjeProjekat\MavenTransportAppServer"/>
    <property name="java.vm.compressedOopsMode" value="Zero based"/>
    <property name="line.separator" value="&#10;"/>
    <property name="java.vm.specification.vendor" value="Oracle Corporation"/>
    <property name="java.specification.name" value="Java Platform API Specification"/>
    <property name="surefire.real.class.path" value="C:\Users\brati\AppData\Local\Temp\surefire7613776465496842249\surefirebooter-20231216145750480_3.jar"/>
    <property name="user.script" value=""/>
    <property name="sun.management.compiler" value="HotSpot 64-Bit Tiered Compilers"/>
    <property name="java.runtime.version" value="17.0.9+9"/>
    <property name="user.name" value="brati"/>
    <property name="path.separator" value=";"/>
    <property name="os.version" value="10.0"/>
    <property name="java.runtime.name" value="OpenJDK Runtime Environment"/>
    <property name="file.encoding" value="Cp1252"/>
    <property name="java.vm.name" value="OpenJDK 64-Bit Server VM"/>
    <property name="java.vendor.version" value="Temurin-17.0.9+9"/>
    <property name="localRepository" value="C:\Users\brati\.m2\repository"/>
    <property name="java.vendor.url.bug" value="https://github.com/adoptium/adoptium-support/issues"/>
    <property name="java.io.tmpdir" value="C:\Users\brati\AppData\Local\Temp\"/>
    <property name="java.version" value="17.0.9"/>
    <property name="user.dir" value="C:\Users\brati\git\NaprednoProgramiranjeProjekat\MavenTransportAppServer"/>
    <property name="os.arch" value="amd64"/>
    <property name="java.vm.specification.name" value="Java Virtual Machine Specification"/>
    <property name="sun.os.patch.level" value=""/>
    <property name="native.encoding" value="Cp1252"/>
    <property name="java.library.path" value="C:\Users\brati\.p2\pool\plugins\org.eclipse.justj.openjdk.hotspot.jre.full.win32.x86_64_17.0.9.v20231028-0858\jre\bin;C:\Windows\Sun\Java\bin;C:\Windows\system32;C:\Windows;C:/Users/brati/.p2/pool/plugins/org.eclipse.justj.openjdk.hotspot.jre.full.win32.x86_64_17.0.9.v20231028-0858/jre/bin/server;C:/Users/brati/.p2/pool/plugins/org.eclipse.justj.openjdk.hotspot.jre.full.win32.x86_64_17.0.9.v20231028-0858/jre/bin;C:\Windows\system32;C:\Windows;C:\Windows\System32\Wbem;C:\Windows\System32\WindowsPowerShell\v1.0\;C:\Windows\System32\OpenSSH\;C:\Program Files\Git\cmd;C:\Users\brati\Downloads\apache-maven-3.9.5-bin\apache-maven-3.9.5\bin;C:\Users\brati\.jdks\openjdk-21.0.1\bin;C:\Users\brati\AppData\Local\Microsoft\WindowsApps;;C:\Program Files\JetBrains\IntelliJ IDEA 2023.2.5\bin;;C:\Windows\System32;;."/>
    <property name="java.vm.info" value="mixed mode"/>
    <property name="java.vendor" value="Eclipse Adoptium"/>
    <property name="java.vm.version" value="17.0.9+9"/>
    <property name="sun.io.unicode.encoding" value="UnicodeLittle"/>
    <property name="java.class.version" value="61.0"/>
  </properties>
  <testcase name="testExecute" classname="fon.ai.maventransportappserver.so.impl.TakeDriveByIDOperationTest" time="0.02">
    <error message="Duplicate entry &apos;150&apos; for key &apos;PRIMARY&apos;" type="java.sql.SQLIntegrityConstraintViolationException"><![CDATA[java.sql.SQLIntegrityConstraintViolationException: Duplicate entry '150' for key 'PRIMARY'
	at com.mysql.cj.jdbc.exceptions.SQLError.createSQLException(SQLError.java:117)
	at com.mysql.cj.jdbc.exceptions.SQLError.createSQLException(SQLError.java:97)
	at com.mysql.cj.jdbc.exceptions.SQLExceptionsMapping.translateException(SQLExceptionsMapping.java:122)
	at com.mysql.cj.jdbc.ClientPreparedStatement.executeInternal(ClientPreparedStatement.java:953)
	at com.mysql.cj.jdbc.ClientPreparedStatement.executeUpdateInternal(ClientPreparedStatement.java:1092)
	at com.mysql.cj.jdbc.ClientPreparedStatement.executeUpdateInternal(ClientPreparedStatement.java:1040)
	at com.mysql.cj.jdbc.ClientPreparedStatement.executeLargeUpdate(ClientPreparedStatement.java:1347)
	at com.mysql.cj.jdbc.ClientPreparedStatement.executeUpdate(ClientPreparedStatement.java:1025)
	at fon.ai.maventransportappserver.database.impl.DatabaseBroker.sacuvaj(DatabaseBroker.java:107)
	at fon.ai.maventransportappserver.so.impl.SaveDriveOperation.execute(SaveDriveOperation.java:30)
	at fon.ai.maventransportappserver.so.impl.TakeDriveByIDOperationTest.testExecute(TakeDriveByIDOperationTest.java:101)
	at java.base/jdk.internal.reflect.NativeMethodAccessorImpl.invoke0(Native Method)
	at java.base/jdk.internal.reflect.NativeMethodAccessorImpl.invoke(NativeMethodAccessorImpl.java:77)
	at java.base/jdk.internal.reflect.DelegatingMethodAccessorImpl.invoke(DelegatingMethodAccessorImpl.java:43)
	at java.base/java.lang.reflect.Method.invoke(Method.java:568)
	at org.junit.runners.model.FrameworkMethod$1.runReflectiveCall(FrameworkMethod.java:50)
	at org.junit.internal.runners.model.ReflectiveCallable.run(ReflectiveCallable.java:12)
	at org.junit.runners.model.FrameworkMethod.invokeExplosively(FrameworkMethod.java:47)
	at org.junit.internal.runners.statements.InvokeMethod.evaluate(InvokeMethod.java:17)
	at org.junit.internal.runners.statements.RunBefores.evaluate(RunBefores.java:26)
	at org.junit.internal.runners.statements.RunAfters.evaluate(RunAfters.java:27)
	at org.junit.runners.ParentRunner.runLeaf(ParentRunner.java:325)
	at org.junit.runners.BlockJUnit4ClassRunner.runChild(BlockJUnit4ClassRunner.java:78)
	at org.junit.runners.BlockJUnit4ClassRunner.runChild(BlockJUnit4ClassRunner.java:57)
	at org.junit.runners.ParentRunner$3.run(ParentRunner.java:290)
	at org.junit.runners.ParentRunner$1.schedule(ParentRunner.java:71)
	at org.junit.runners.ParentRunner.runChildren(ParentRunner.java:288)
	at org.junit.runners.ParentRunner.access$000(ParentRunner.java:58)
	at org.junit.runners.ParentRunner$2.evaluate(ParentRunner.java:268)
	at org.junit.runners.ParentRunner.run(ParentRunner.java:363)
	at org.apache.maven.surefire.junit4.JUnit4Provider.execute(JUnit4Provider.java:316)
	at org.apache.maven.surefire.junit4.JUnit4Provider.executeWithRerun(JUnit4Provider.java:240)
	at org.apache.maven.surefire.junit4.JUnit4Provider.executeTestSet(JUnit4Provider.java:214)
	at org.apache.maven.surefire.junit4.JUnit4Provider.invoke(JUnit4Provider.java:155)
	at org.apache.maven.surefire.booter.ForkedBooter.runSuitesInProcess(ForkedBooter.java:385)
	at org.apache.maven.surefire.booter.ForkedBooter.execute(ForkedBooter.java:162)
	at org.apache.maven.surefire.booter.ForkedBooter.run(ForkedBooter.java:507)
	at org.apache.maven.surefire.booter.ForkedBooter.main(ForkedBooter.java:495)
]]></error>
    <system-out><![CDATA[SELECT d.id, d.date, d.factureprice, d.truck, d.trailer, d.driver, t.loadcapacity AS "dozvoljena tezina", tr.productyear AS "godina kamiona",
 tr.weight, t.productyear AS "godina prikolice", t.weight as "tezina prikolice", dr.idcard
  FROM drive d JOIN vehicle tr ON d.truck = tr.registrationmark JOIN vehicle t ON t.registrationmark = d.trailer JOIN driver dr ON d.driver = dr.idcard  where id = '150'
localhost3306transportapprootrootjdbc:mysql://localhost:3306/transportapp
Successfully connected to database!
insert into drive(id, date, factureprice, truck, trailer, driver) values('150', '2023-12-16', '500.0','RA013CD','AA447BG', '12345678')
Uspesno sam sacuvao u bazi
insert into costlist(id, total, drive) values('150', '1200.0', '150')
Uspesno sam sacuvao u bazi
insert into costitem(costList, costtype, amount) values('150', 'driverSallary', '300.0')
Uspesno sam sacuvao u bazi
insert into costitem(costList, costtype, amount) values('150', 'fuel', '300.0')
Uspesno sam sacuvao u bazi
insert into costitem(costList, costtype, amount) values('150', 'toll', '300.0')
Uspesno sam sacuvao u bazi
insert into costitem(costList, costtype, amount) values('150', 'other', '300.0')
Uspesno sam sacuvao u bazi
COMMIT
executing
SELECT d.id, d.date, d.factureprice, d.truck, d.trailer, d.driver, t.loadcapacity AS "dozvoljena tezina", tr.productyear AS "godina kamiona",
 tr.weight, t.productyear AS "godina prikolice", t.weight as "tezina prikolice", dr.idcard
  FROM drive d JOIN vehicle tr ON d.truck = tr.registrationmark JOIN vehicle t ON t.registrationmark = d.trailer JOIN driver dr ON d.driver = dr.idcard  where id = '150'
insert into drive(id, date, factureprice, truck, trailer, driver) values('150', '2023-12-16', '500.0','RA013CD','AA447BG', '12345678')
Duplicate entry '150' for key 'PRIMARY'
]]></system-out>
  </testcase>
  <testcase name="testValidate" classname="fon.ai.maventransportappserver.so.impl.TakeDriveByIDOperationTest" time="0.004">
    <system-out><![CDATA[SELECT d.id, d.date, d.factureprice, d.truck, d.trailer, d.driver, t.loadcapacity AS "dozvoljena tezina", tr.productyear AS "godina kamiona",
 tr.weight, t.productyear AS "godina prikolice", t.weight as "tezina prikolice", dr.idcard
  FROM drive d JOIN vehicle tr ON d.truck = tr.registrationmark JOIN vehicle t ON t.registrationmark = d.trailer JOIN driver dr ON d.driver = dr.idcard  where id = '150'
validate
]]></system-out>
  </testcase>
  <testcase name="testValidate1" classname="fon.ai.maventransportappserver.so.impl.TakeDriveByIDOperationTest" time="0.005">
    <system-out><![CDATA[SELECT d.id, d.date, d.factureprice, d.truck, d.trailer, d.driver, t.loadcapacity AS "dozvoljena tezina", tr.productyear AS "godina kamiona",
 tr.weight, t.productyear AS "godina prikolice", t.weight as "tezina prikolice", dr.idcard
  FROM drive d JOIN vehicle tr ON d.truck = tr.registrationmark JOIN vehicle t ON t.registrationmark = d.trailer JOIN driver dr ON d.driver = dr.idcard  where id = '150'
validate1
]]></system-out>
  </testcase>
  <testcase name="testGetObject" classname="fon.ai.maventransportappserver.so.impl.TakeDriveByIDOperationTest" time="0.004">
    <system-out><![CDATA[SELECT d.id, d.date, d.factureprice, d.truck, d.trailer, d.driver, t.loadcapacity AS "dozvoljena tezina", tr.productyear AS "godina kamiona",
 tr.weight, t.productyear AS "godina prikolice", t.weight as "tezina prikolice", dr.idcard
  FROM drive d JOIN vehicle tr ON d.truck = tr.registrationmark JOIN vehicle t ON t.registrationmark = d.trailer JOIN driver dr ON d.driver = dr.idcard  where id = '150'
getLista
SELECT d.id, d.date, d.factureprice, d.truck, d.trailer, d.driver, t.loadcapacity AS "dozvoljena tezina", tr.productyear AS "godina kamiona",
 tr.weight, t.productyear AS "godina prikolice", t.weight as "tezina prikolice", dr.idcard
  FROM drive d JOIN vehicle tr ON d.truck = tr.registrationmark JOIN vehicle t ON t.registrationmark = d.trailer JOIN driver dr ON d.driver = dr.idcard  where id = '150'
SELECT d.id, d.date, d.factureprice, d.truck, d.trailer, d.driver, t.loadcapacity AS "dozvoljena tezina", tr.productyear AS "godina kamiona",
 tr.weight, t.productyear AS "godina prikolice", t.weight as "tezina prikolice", dr.idcard
  FROM drive d JOIN vehicle tr ON d.truck = tr.registrationmark JOIN vehicle t ON t.registrationmark = d.trailer JOIN driver dr ON d.driver = dr.idcard  where id = '150'
]]></system-out>
  </testcase>
</testsuite>